2024-06-19 14:04:25.651  INFO 5409 --- [main] c.e.springsoap.SpringSoapApplication     : Starting SpringSoapApplication using Java 17.0.11 on liesvm with PID 5409 (/home/lies/Documents/dapp2024/ds_final_project/suppliers/ski_passes/target/classes started by lies in /home/lies/Documents/dapp2024/ds_final_project/suppliers/ski_passes)
2024-06-19 14:04:25.663  INFO 5409 --- [main] c.e.springsoap.SpringSoapApplication     : No active profile set, falling back to 1 default profile: "default"
2024-06-19 14:04:27.056  INFO 5409 --- [main] trationDelegate$BeanPostProcessorChecker : Bean 'webServiceConfig' of type [com.example.springsoap.WebServiceConfig$$EnhancerBySpringCGLIB$$f6636295] is not eligible for getting processed by all BeanPostProcessors (for example: not eligible for auto-proxying)
2024-06-19 14:04:27.058  INFO 5409 --- [main] trationDelegate$BeanPostProcessorChecker : Bean 'org.springframework.ws.config.annotation.DelegatingWsConfiguration' of type [org.springframework.ws.config.annotation.DelegatingWsConfiguration$$EnhancerBySpringCGLIB$$bbf5e807] is not eligible for getting processed by all BeanPostProcessors (for example: not eligible for auto-proxying)
2024-06-19 14:04:27.167  INFO 5409 --- [main] .w.s.a.s.AnnotationActionEndpointMapping : Supporting [WS-Addressing August 2004, WS-Addressing 1.0]
2024-06-19 14:04:27.575  INFO 5409 --- [main] o.s.b.w.embedded.tomcat.TomcatWebServer  : Tomcat initialized with port(s): 8094 (http)
2024-06-19 14:04:27.584  INFO 5409 --- [main] o.apache.catalina.core.StandardService   : Starting service [Tomcat]
2024-06-19 14:04:27.584  INFO 5409 --- [main] org.apache.catalina.core.StandardEngine  : Starting Servlet engine: [Apache Tomcat/9.0.65]
2024-06-19 14:04:27.688  INFO 5409 --- [main] o.a.c.c.C.[Tomcat].[localhost].[/]       : Initializing Spring embedded WebApplicationContext
2024-06-19 14:04:27.689  INFO 5409 --- [main] w.s.c.ServletWebServerApplicationContext : Root WebApplicationContext: initialization completed in 1861 ms
2024-06-19 14:04:28.600  INFO 5409 --- [main] o.s.b.w.embedded.tomcat.TomcatWebServer  : Tomcat started on port(s): 8094 (http) with context path ''
2024-06-19 14:04:28.610  INFO 5409 --- [main] c.e.springsoap.SpringSoapApplication     : Started SpringSoapApplication in 3.603 seconds (JVM running for 4.22)
2024-06-19 14:05:26.028  INFO 5582 --- [main] c.e.springsoap.SpringSoapApplication     : Starting SpringSoapApplication using Java 17.0.11 on liesvm with PID 5582 (/home/lies/Documents/dapp2024/ds_final_project/suppliers/ski_passes/target/classes started by lies in /home/lies/Documents/dapp2024/ds_final_project/suppliers/ski_passes)
2024-06-19 14:05:26.033  INFO 5582 --- [main] c.e.springsoap.SpringSoapApplication     : No active profile set, falling back to 1 default profile: "default"
2024-06-19 14:05:26.865  INFO 5582 --- [main] trationDelegate$BeanPostProcessorChecker : Bean 'webServiceConfig' of type [com.example.springsoap.WebServiceConfig$$EnhancerBySpringCGLIB$$93276a71] is not eligible for getting processed by all BeanPostProcessors (for example: not eligible for auto-proxying)
2024-06-19 14:05:26.868  INFO 5582 --- [main] trationDelegate$BeanPostProcessorChecker : Bean 'org.springframework.ws.config.annotation.DelegatingWsConfiguration' of type [org.springframework.ws.config.annotation.DelegatingWsConfiguration$$EnhancerBySpringCGLIB$$58b9efe3] is not eligible for getting processed by all BeanPostProcessors (for example: not eligible for auto-proxying)
2024-06-19 14:05:26.903  INFO 5582 --- [main] .w.s.a.s.AnnotationActionEndpointMapping : Supporting [WS-Addressing August 2004, WS-Addressing 1.0]
2024-06-19 14:05:27.172  INFO 5582 --- [main] o.s.b.w.embedded.tomcat.TomcatWebServer  : Tomcat initialized with port(s): 8094 (http)
2024-06-19 14:05:27.178  INFO 5582 --- [main] o.apache.catalina.core.StandardService   : Starting service [Tomcat]
2024-06-19 14:05:27.179  INFO 5582 --- [main] org.apache.catalina.core.StandardEngine  : Starting Servlet engine: [Apache Tomcat/9.0.65]
2024-06-19 14:05:27.262  INFO 5582 --- [main] o.a.c.c.C.[Tomcat].[localhost].[/]       : Initializing Spring embedded WebApplicationContext
2024-06-19 14:05:27.263  INFO 5582 --- [main] w.s.c.ServletWebServerApplicationContext : Root WebApplicationContext: initialization completed in 912 ms
2024-06-19 14:05:27.781  INFO 5582 --- [main] o.s.b.w.embedded.tomcat.TomcatWebServer  : Tomcat started on port(s): 8094 (http) with context path ''
2024-06-19 14:05:27.791  INFO 5582 --- [main] c.e.springsoap.SpringSoapApplication     : Started SpringSoapApplication in 2.019 seconds (JVM running for 2.364)
2024-06-19 14:06:13.646  INFO 5582 --- [http-nio-8094-exec-1] o.a.c.c.C.[Tomcat].[localhost].[/]       : Initializing Spring MessageDispatcherServlet 'messageDispatcherServlet'
2024-06-19 14:06:13.647  INFO 5582 --- [http-nio-8094-exec-1] o.s.w.t.http.MessageDispatcherServlet    : Initializing Servlet 'messageDispatcherServlet'
2024-06-19 14:06:13.652  INFO 5582 --- [http-nio-8094-exec-1] o.s.ws.soap.saaj.SaajSoapMessageFactory  : Creating SAAJ 1.3 MessageFactory with SOAP 1.1 Protocol
2024-06-19 14:06:13.671  INFO 5582 --- [http-nio-8094-exec-1] o.s.w.t.http.MessageDispatcherServlet    : Completed initialization in 23 ms
2024-06-19 14:06:45.394  INFO 5974 --- [main] c.e.springsoap.SpringSoapApplication     : Starting SpringSoapApplication using Java 17.0.11 on liesvm with PID 5974 (/home/lies/Documents/dapp2024/ds_final_project/suppliers/ski_passes/target/classes started by lies in /home/lies/Documents/dapp2024/ds_final_project/suppliers/ski_passes)
2024-06-19 14:06:45.402  INFO 5974 --- [main] c.e.springsoap.SpringSoapApplication     : No active profile set, falling back to 1 default profile: "default"
2024-06-19 14:06:46.816  INFO 5974 --- [main] trationDelegate$BeanPostProcessorChecker : Bean 'webServiceConfig' of type [com.example.springsoap.WebServiceConfig$$EnhancerBySpringCGLIB$$9abe6350] is not eligible for getting processed by all BeanPostProcessors (for example: not eligible for auto-proxying)
2024-06-19 14:06:46.822  INFO 5974 --- [main] trationDelegate$BeanPostProcessorChecker : Bean 'org.springframework.ws.config.annotation.DelegatingWsConfiguration' of type [org.springframework.ws.config.annotation.DelegatingWsConfiguration$$EnhancerBySpringCGLIB$$6050e8c2] is not eligible for getting processed by all BeanPostProcessors (for example: not eligible for auto-proxying)
2024-06-19 14:06:46.933  INFO 5974 --- [main] .w.s.a.s.AnnotationActionEndpointMapping : Supporting [WS-Addressing August 2004, WS-Addressing 1.0]
2024-06-19 14:06:47.433  INFO 5974 --- [main] o.s.b.w.embedded.tomcat.TomcatWebServer  : Tomcat initialized with port(s): 8080 (http)
2024-06-19 14:06:47.442  INFO 5974 --- [main] o.apache.catalina.core.StandardService   : Starting service [Tomcat]
2024-06-19 14:06:47.443  INFO 5974 --- [main] org.apache.catalina.core.StandardEngine  : Starting Servlet engine: [Apache Tomcat/9.0.65]
2024-06-19 14:06:47.517  INFO 5974 --- [main] o.a.c.c.C.[Tomcat].[localhost].[/]       : Initializing Spring embedded WebApplicationContext
2024-06-19 14:06:47.519  INFO 5974 --- [main] w.s.c.ServletWebServerApplicationContext : Root WebApplicationContext: initialization completed in 2044 ms
2024-06-19 14:06:47.960  INFO 5974 --- [main] o.s.b.w.embedded.tomcat.TomcatWebServer  : Tomcat started on port(s): 8080 (http) with context path ''
2024-06-19 14:06:47.970  INFO 5974 --- [main] c.e.springsoap.SpringSoapApplication     : Started SpringSoapApplication in 3.31 seconds (JVM running for 3.825)
2024-06-19 14:07:01.044  INFO 5974 --- [http-nio-8080-exec-1] o.a.c.c.C.[Tomcat].[localhost].[/]       : Initializing Spring MessageDispatcherServlet 'messageDispatcherServlet'
2024-06-19 14:07:01.045  INFO 5974 --- [http-nio-8080-exec-1] o.s.w.t.http.MessageDispatcherServlet    : Initializing Servlet 'messageDispatcherServlet'
2024-06-19 14:07:01.047  INFO 5974 --- [http-nio-8080-exec-1] o.s.ws.soap.saaj.SaajSoapMessageFactory  : Creating SAAJ 1.3 MessageFactory with SOAP 1.1 Protocol
2024-06-19 14:07:01.055  INFO 5974 --- [http-nio-8080-exec-1] o.s.w.t.http.MessageDispatcherServlet    : Completed initialization in 10 ms
2024-06-19 14:53:18.629  INFO 12353 --- [main] c.e.springsoap.SpringSoapApplication     : Starting SpringSoapApplication using Java 17.0.11 on liesvm with PID 12353 (/home/lies/Documents/dapp2024/ds_final_project/suppliers/ski_passes/target/classes started by lies in /home/lies/Documents/dapp2024/ds_final_project/suppliers/ski_passes)
2024-06-19 14:53:18.642  INFO 12353 --- [main] c.e.springsoap.SpringSoapApplication     : No active profile set, falling back to 1 default profile: "default"
2024-06-19 14:53:20.002  INFO 12353 --- [main] trationDelegate$BeanPostProcessorChecker : Bean 'webServiceConfig' of type [com.example.springsoap.WebServiceConfig$$EnhancerBySpringCGLIB$$9abe6350] is not eligible for getting processed by all BeanPostProcessors (for example: not eligible for auto-proxying)
2024-06-19 14:53:20.004  INFO 12353 --- [main] trationDelegate$BeanPostProcessorChecker : Bean 'org.springframework.ws.config.annotation.DelegatingWsConfiguration' of type [org.springframework.ws.config.annotation.DelegatingWsConfiguration$$EnhancerBySpringCGLIB$$6050e8c2] is not eligible for getting processed by all BeanPostProcessors (for example: not eligible for auto-proxying)
2024-06-19 14:53:20.056  INFO 12353 --- [main] .w.s.a.s.AnnotationActionEndpointMapping : Supporting [WS-Addressing August 2004, WS-Addressing 1.0]
2024-06-19 14:53:20.319  INFO 12353 --- [main] o.s.b.w.embedded.tomcat.TomcatWebServer  : Tomcat initialized with port(s): 8080 (http)
2024-06-19 14:53:20.330  INFO 12353 --- [main] o.apache.catalina.core.StandardService   : Starting service [Tomcat]
2024-06-19 14:53:20.331  INFO 12353 --- [main] org.apache.catalina.core.StandardEngine  : Starting Servlet engine: [Apache Tomcat/9.0.65]
2024-06-19 14:53:20.392  INFO 12353 --- [main] o.a.c.c.C.[Tomcat].[localhost].[/]       : Initializing Spring embedded WebApplicationContext
2024-06-19 14:53:20.393  INFO 12353 --- [main] w.s.c.ServletWebServerApplicationContext : Root WebApplicationContext: initialization completed in 1386 ms
2024-06-19 14:53:20.441  INFO 12353 --- [main] c.example.springsoap.SkipassRepository   : DEBUG: start initialising data
2024-06-19 14:53:20.442  INFO 12353 --- [main] c.example.springsoap.SkipassRepository   : DEBUG: reading from stock.csv in initData
2024-06-19 14:53:20.778  INFO 12353 --- [main] o.s.b.w.embedded.tomcat.TomcatWebServer  : Tomcat started on port(s): 8080 (http) with context path ''
2024-06-19 14:53:20.790  INFO 12353 --- [main] c.e.springsoap.SpringSoapApplication     : Started SpringSoapApplication in 2.512 seconds (JVM running for 2.796)
2024-06-19 14:53:52.380  INFO 12353 --- [http-nio-8080-exec-1] o.a.c.c.C.[Tomcat].[localhost].[/]       : Initializing Spring MessageDispatcherServlet 'messageDispatcherServlet'
2024-06-19 14:53:52.380  INFO 12353 --- [http-nio-8080-exec-1] o.s.w.t.http.MessageDispatcherServlet    : Initializing Servlet 'messageDispatcherServlet'
2024-06-19 14:53:52.383  INFO 12353 --- [http-nio-8080-exec-1] o.s.ws.soap.saaj.SaajSoapMessageFactory  : Creating SAAJ 1.3 MessageFactory with SOAP 1.1 Protocol
2024-06-19 14:53:52.400  INFO 12353 --- [http-nio-8080-exec-1] o.s.w.t.http.MessageDispatcherServlet    : Completed initialization in 20 ms
2024-06-19 21:17:05.275  INFO 12196 --- [main] c.e.springsoap.SpringSoapApplication     : Starting SpringSoapApplication using Java 17.0.11 on HP_Pavilion_LD with PID 12196 (C:\Users\liesd\OneDrive - KU Leuven\Documents\School\Mas 2\Distributed Systems\ds-skipasses\target\classes started by liesd in C:\Users\liesd\OneDrive - KU Leuven\Documents\School\Mas 2\Distributed Systems\ds-skipasses)
2024-06-19 21:17:05.276  INFO 12196 --- [main] c.e.springsoap.SpringSoapApplication     : No active profile set, falling back to 1 default profile: "default"
2024-06-19 21:17:05.644  INFO 12196 --- [main] trationDelegate$BeanPostProcessorChecker : Bean 'webServiceConfig' of type [com.example.springsoap.WebServiceConfig$$EnhancerBySpringCGLIB$$4dc5515c] is not eligible for getting processed by all BeanPostProcessors (for example: not eligible for auto-proxying)
2024-06-19 21:17:05.645  INFO 12196 --- [main] trationDelegate$BeanPostProcessorChecker : Bean 'org.springframework.ws.config.annotation.DelegatingWsConfiguration' of type [org.springframework.ws.config.annotation.DelegatingWsConfiguration$$EnhancerBySpringCGLIB$$1357d6ce] is not eligible for getting processed by all BeanPostProcessors (for example: not eligible for auto-proxying)
2024-06-19 21:17:05.676  INFO 12196 --- [main] .w.s.a.s.AnnotationActionEndpointMapping : Supporting [WS-Addressing August 2004, WS-Addressing 1.0]
2024-06-19 21:17:05.880  INFO 12196 --- [main] o.s.b.w.embedded.tomcat.TomcatWebServer  : Tomcat initialized with port(s): 8081 (http)
2024-06-19 21:17:05.886  INFO 12196 --- [main] o.apache.catalina.core.StandardService   : Starting service [Tomcat]
2024-06-19 21:17:05.887  INFO 12196 --- [main] org.apache.catalina.core.StandardEngine  : Starting Servlet engine: [Apache Tomcat/9.0.65]
2024-06-19 21:17:05.941  INFO 12196 --- [main] o.a.c.c.C.[Tomcat].[localhost].[/]       : Initializing Spring embedded WebApplicationContext
2024-06-19 21:17:05.941  INFO 12196 --- [main] w.s.c.ServletWebServerApplicationContext : Root WebApplicationContext: initialization completed in 630 ms
2024-06-19 21:17:05.983  INFO 12196 --- [main] c.example.springsoap.SkipassRepository   : DEBUG: start initialising data
2024-06-19 21:17:05.984 ERROR 12196 --- [main] c.example.springsoap.SkipassRepository   : Failed to load stock.csv - file not found in resources.
2024-06-19 21:17:06.218  INFO 12196 --- [main] o.s.b.w.embedded.tomcat.TomcatWebServer  : Tomcat started on port(s): 8081 (http) with context path ''
2024-06-19 21:17:06.224  INFO 12196 --- [main] c.e.springsoap.SpringSoapApplication     : Started SpringSoapApplication in 1.186 seconds (JVM running for 1.366)
2024-06-19 21:31:59.891  INFO 25992 --- [main] c.e.springsoap.SpringSoapApplication     : Starting SpringSoapApplication using Java 17.0.11 on HP_Pavilion_LD with PID 25992 (C:\Users\liesd\OneDrive - KU Leuven\Documents\School\Mas 2\Distributed Systems\ds-skipasses\target\classes started by liesd in C:\Users\liesd\OneDrive - KU Leuven\Documents\School\Mas 2\Distributed Systems\ds-skipasses)
2024-06-19 21:31:59.894  INFO 25992 --- [main] c.e.springsoap.SpringSoapApplication     : No active profile set, falling back to 1 default profile: "default"
2024-06-19 21:32:00.284  INFO 25992 --- [main] trationDelegate$BeanPostProcessorChecker : Bean 'webServiceConfig' of type [com.example.springsoap.WebServiceConfig$$EnhancerBySpringCGLIB$$49704490] is not eligible for getting processed by all BeanPostProcessors (for example: not eligible for auto-proxying)
2024-06-19 21:32:00.286  INFO 25992 --- [main] trationDelegate$BeanPostProcessorChecker : Bean 'org.springframework.ws.config.annotation.DelegatingWsConfiguration' of type [org.springframework.ws.config.annotation.DelegatingWsConfiguration$$EnhancerBySpringCGLIB$$f02ca02] is not eligible for getting processed by all BeanPostProcessors (for example: not eligible for auto-proxying)
2024-06-19 21:32:00.324  INFO 25992 --- [main] .w.s.a.s.AnnotationActionEndpointMapping : Supporting [WS-Addressing August 2004, WS-Addressing 1.0]
2024-06-19 21:32:00.548  INFO 25992 --- [main] o.s.b.w.embedded.tomcat.TomcatWebServer  : Tomcat initialized with port(s): 8081 (http)
2024-06-19 21:32:00.558  INFO 25992 --- [main] o.apache.catalina.core.StandardService   : Starting service [Tomcat]
2024-06-19 21:32:00.558  INFO 25992 --- [main] org.apache.catalina.core.StandardEngine  : Starting Servlet engine: [Apache Tomcat/9.0.65]
2024-06-19 21:32:00.621  INFO 25992 --- [main] o.a.c.c.C.[Tomcat].[localhost].[/]       : Initializing Spring embedded WebApplicationContext
2024-06-19 21:32:00.622  INFO 25992 --- [main] w.s.c.ServletWebServerApplicationContext : Root WebApplicationContext: initialization completed in 693 ms
2024-06-19 21:32:00.660  INFO 25992 --- [main] c.example.springsoap.SkipassRepository   : DEBUG: start initialising data
2024-06-19 21:32:00.661 ERROR 25992 --- [main] c.example.springsoap.SkipassRepository   : Failed to load stock.csv - file not found in resources.
2024-06-19 21:32:00.867  INFO 25992 --- [main] o.s.b.w.embedded.tomcat.TomcatWebServer  : Tomcat started on port(s): 8081 (http) with context path ''
2024-06-19 21:32:00.872  INFO 25992 --- [main] c.e.springsoap.SpringSoapApplication     : Started SpringSoapApplication in 1.21 seconds (JVM running for 1.428)
2024-06-19 21:33:06.117  INFO 25992 --- [http-nio-8081-exec-1] o.a.c.c.C.[Tomcat].[localhost].[/]       : Initializing Spring MessageDispatcherServlet 'messageDispatcherServlet'
2024-06-19 21:33:06.117  INFO 25992 --- [http-nio-8081-exec-1] o.s.w.t.http.MessageDispatcherServlet    : Initializing Servlet 'messageDispatcherServlet'
2024-06-19 21:33:06.124  INFO 25992 --- [http-nio-8081-exec-1] o.s.ws.soap.saaj.SaajSoapMessageFactory  : Creating SAAJ 1.3 MessageFactory with SOAP 1.1 Protocol
2024-06-19 21:33:06.138  INFO 25992 --- [http-nio-8081-exec-1] o.s.w.t.http.MessageDispatcherServlet    : Completed initialization in 19 ms
2024-06-19 21:34:15.097  INFO 25992 --- [http-nio-8081-exec-5] c.example.springsoap.SkipassRepository   : 2PC - 13 - Vote request received.
2024-06-19 21:34:15.099  INFO 25992 --- [http-nio-8081-exec-5] c.example.springsoap.SkipassRepository   : 2PC - Stock locked
2024-06-19 21:34:15.100  INFO 25992 --- [http-nio-8081-exec-5] c.example.springsoap.SkipassRepository   : 2PC - Stock locked
2024-06-19 21:34:15.100  INFO 25992 --- [http-nio-8081-exec-5] c.example.springsoap.SkipassRepository   : 2PC - Stock locked
2024-06-19 21:34:15.100  INFO 25992 --- [http-nio-8081-exec-5] c.example.springsoap.SkipassRepository   : 2PC - 13 - Vote given: VOTE_COMMIT.
